<?xml version="1.0" encoding="UTF-8"?>
<!-- Generated by org.testng.reporters.JUnitReportReporter -->
<testsuite hostname="LAPTOP-CHFSUI5B" failures="0" tests="3" name="testNG.ReRunFailedTestCases" time="0.227" errors="0" timestamp="2020-05-29T15:20:31 IST" skipped="0">
  <testcase classname="testNG.ReRunFailedTestCases" name="testfail" time="0.212"/>
  <system-out/>
  <testcase classname="testNG.ReRunFailedTestCases" name="testing" time="0.004"/>
  <system-out/>
  <testcase classname="testNG.ReRunFailedTestCases" name="testcase1" time="0.011"/>
  <system-out/>
</testsuite> <!-- testNG.ReRunFailedTestCases -->
