<?xml version="1.0" encoding="UTF-8"?>
<!-- Generated by org.testng.reporters.JUnitReportReporter -->
<testsuite hostname="LAPTOP-CHFSUI5B" failures="0" tests="1" name="testNG.Parallel2" time="3.024" errors="0" timestamp="2020-05-26T18:44:29 IST" skipped="0">
  <testcase classname="testNG.Parallel2" name="f" time="3.024"/>
  <system-out/>
</testsuite> <!-- testNG.Parallel2 -->
