<?xml version="1.0" encoding="UTF-8"?>
<!-- Generated by org.testng.reporters.JUnitReportReporter -->
<testsuite hostname="LAPTOP-CHFSUI5B" failures="0" tests="1" name="Yatra.FirstTestCase" time="19.824" errors="0" timestamp="2020-05-30T18:32:10 IST" skipped="0">
  <testcase classname="Yatra.FirstTestCase" name="testCase1" time="19.824"/>
  <system-out/>
</testsuite> <!-- Yatra.FirstTestCase -->
