<?xml version="1.0" encoding="UTF-8"?>
<!-- Generated by org.testng.reporters.JUnitReportReporter -->
<testsuite hostname="LAPTOP-CHFSUI5B" failures="0" tests="8" name="testNG.FactoryTest" time="0.036" errors="0" timestamp="2020-05-28T22:25:53 IST" skipped="0">
  <testcase classname="testNG.FactoryTest" name="twitter" time="0.003"/>
  <system-out/>
  <testcase classname="testNG.FactoryTest" name="facebook" time="0.012"/>
  <system-out/>
  <testcase classname="testNG.FactoryTest" name="facebook" time="0.003"/>
  <system-out/>
  <testcase classname="testNG.FactoryTest" name="instagram" time="0.006"/>
  <system-out/>
  <testcase classname="testNG.FactoryTest" name="flipkart" time="0.003"/>
  <system-out/>
  <testcase classname="testNG.FactoryTest" name="instagram" time="0.004"/>
  <system-out/>
  <testcase classname="testNG.FactoryTest" name="flipkart" time="0.001"/>
  <system-out/>
  <testcase classname="testNG.FactoryTest" name="twitter" time="0.004"/>
  <system-out/>
</testsuite> <!-- testNG.FactoryTest -->
