<?xml version="1.0" encoding="UTF-8"?>
<!-- Generated by org.testng.reporters.JUnitReportReporter -->
<testsuite hostname="LAPTOP-CHFSUI5B" failures="0" tests="2" name="testNG.grouping" time="0.011" errors="0" timestamp="2020-05-27T15:13:47 IST" skipped="0">
  <testcase classname="testNG.grouping" name="Instagram" time="0.003"/>
  <system-out/>
  <testcase classname="testNG.grouping" name="Google" time="0.008"/>
  <system-out/>
</testsuite> <!-- testNG.grouping -->
