<?xml version="1.0" encoding="UTF-8"?>
<!-- Generated by org.testng.reporters.JUnitReportReporter -->
<testsuite hostname="LAPTOP-CHFSUI5B" failures="0" tests="3" name="Yatra.OneWay" time="111.758" errors="0" timestamp="2020-06-02T12:40:08 IST" skipped="0">
  <testcase classname="Yatra.OneWay" name="testCase1" time="31.197"/>
  <system-out/>
  <testcase classname="Yatra.OneWay" name="testCase1" time="34.717"/>
  <system-out/>
  <testcase classname="Yatra.OneWay" name="testCase1" time="45.844"/>
  <system-out/>
</testsuite> <!-- Yatra.OneWay -->
