<?xml version="1.0" encoding="UTF-8"?>
<!-- Generated by org.testng.reporters.JUnitReportReporter -->
<testsuite hostname="LAPTOP-CHFSUI5B" failures="0" tests="1" name="testNG.Parallel1" time="3.025" errors="0" timestamp="2020-05-26T18:44:29 IST" skipped="0">
  <testcase classname="testNG.Parallel1" name="f" time="3.025"/>
  <system-out/>
</testsuite> <!-- testNG.Parallel1 -->
