<?xml version="1.0" encoding="UTF-8"?>
<!-- Generated by org.testng.reporters.JUnitReportReporter -->
<testsuite hostname="LAPTOP-CHFSUI5B" failures="0" tests="3" name="Assignment2Copy.TestCase1" time="79.257" errors="0" timestamp="2020-06-10T11:39:22 IST" skipped="0">
  <testcase classname="Assignment2Copy.TestCase1" name="TC_001" time="24.404"/>
  <system-out/>
  <testcase classname="Assignment2Copy.TestCase1" name="TC_001" time="26.508"/>
  <system-out/>
  <testcase classname="Assignment2Copy.TestCase1" name="TC_001" time="28.345"/>
  <system-out/>
</testsuite> <!-- Assignment2Copy.TestCase1 -->
