<?xml version="1.0" encoding="UTF-8"?>
<!-- Generated by org.testng.reporters.JUnitReportReporter -->
<testsuite hostname="LAPTOP-CHFSUI5B" failures="0" tests="3" name="testNG.NewTest" time="0.054" errors="0" timestamp="2020-05-29T14:46:11 IST" skipped="0">
  <testcase classname="testNG.NewTest" name="testfail" time="0.032"/>
  <system-out/>
  <testcase classname="testNG.NewTest" name="testcase1" time="0.017"/>
  <system-out/>
  <testcase classname="testNG.NewTest" name="testing" time="0.005"/>
  <system-out/>
</testsuite> <!-- testNG.NewTest -->
