<?xml version="1.0" encoding="UTF-8"?>
<!-- Generated by org.testng.reporters.JUnitReportReporter -->
<testsuite hostname="LAPTOP-CHFSUI5B" failures="0" tests="2" name="testNG.SuiteTest1" time="0.013" errors="0" timestamp="2020-06-07T22:35:39 IST" skipped="0">
  <testcase classname="testNG.SuiteTest1" name="f1" time="0.010"/>
  <system-out/>
  <testcase classname="testNG.SuiteTest1" name="f" time="0.003"/>
  <system-out/>
</testsuite> <!-- testNG.SuiteTest1 -->
