<?xml version="1.0" encoding="UTF-8"?>
<!-- Generated by org.testng.reporters.JUnitReportReporter -->
<testsuite hostname="LAPTOP-CHFSUI5B" failures="0" tests="1" name="Assignment2.TestCase2" time="17.811" errors="0" timestamp="2020-06-08T15:08:36 IST" skipped="0">
  <testcase classname="Assignment2.TestCase2" name="TC_002" time="17.811"/>
  <system-out/>
</testsuite> <!-- Assignment2.TestCase2 -->
