<?xml version="1.0" encoding="UTF-8"?>
<!-- Generated by org.testng.reporters.JUnitReportReporter -->
<testsuite hostname="LAPTOP-CHFSUI5B" failures="0" tests="2" name="testNG.MultiBrowser" time="33.674" errors="0" timestamp="2020-05-29T12:21:07 IST" skipped="0">
  <testcase classname="testNG.MultiBrowser" name="flipkartTest" time="14.912"/>
  <system-out/>
  <testcase classname="testNG.MultiBrowser" name="flipkartTest" time="18.762"/>
  <system-out/>
</testsuite> <!-- testNG.MultiBrowser -->
