<?xml version="1.0" encoding="UTF-8"?>
<!-- Generated by org.testng.reporters.JUnitReportReporter -->
<testsuite hostname="LAPTOP-CHFSUI5B" failures="0" tests="1" name="Assignment2.TestCase1" time="25.010" errors="0" timestamp="2020-06-08T15:08:36 IST" skipped="0">
  <testcase classname="Assignment2.TestCase1" name="TC_001" time="25.010"/>
  <system-out/>
</testsuite> <!-- Assignment2.TestCase1 -->
