<?xml version="1.0" encoding="UTF-8"?>
<!-- Generated by org.testng.reporters.JUnitReportReporter -->
<testsuite hostname="LAPTOP-CHFSUI5B" failures="0" tests="3" name="testNG.DataProvider" time="40.776" errors="0" timestamp="2020-05-31T17:36:06 IST" skipped="0">
  <testcase classname="testNG.DataProvider" name="testGoogle" time="11.952"/>
  <system-out/>
  <testcase classname="testNG.DataProvider" name="testGoogle" time="13.382"/>
  <system-out/>
  <testcase classname="testNG.DataProvider" name="testGoogle" time="15.442"/>
  <system-out/>
</testsuite> <!-- testNG.DataProvider -->
