<?xml version="1.0" encoding="UTF-8"?>
<!-- Generated by org.testng.reporters.JUnitReportReporter -->
<testsuite hostname="LAPTOP-CHFSUI5B" failures="0" tests="1" name="FirstMaven.FirstMaven.AppTest" time="0.022" errors="0" timestamp="4 Jun 2020 16:00:36 GMT">
  <testcase classname="FirstMaven.FirstMaven.AppTest" name="shouldAnswerWithTrue" time="0.022"/>
</testsuite> <!-- FirstMaven.FirstMaven.AppTest -->
