<?xml version="1.0" encoding="UTF-8"?>
<!-- Generated by org.testng.reporters.JUnitReportReporter -->
<testsuite hostname="LAPTOP-CHFSUI5B" failures="0" tests="1" name="FactoryObjects.FacebookTestClass" time="12.907" errors="0" timestamp="9 Jun 2020 15:46:15 GMT">
  <testcase classname="FactoryObjects.FacebookTestClass" name="facebookLogin" time="12.907"/>
</testsuite> <!-- FactoryObjects.FacebookTestClass -->
