<?xml version="1.0" encoding="UTF-8"?>
<!-- Generated by org.testng.reporters.JUnitReportReporter -->
<testsuite hostname="LAPTOP-CHFSUI5B" failures="0" tests="3" name="Assignment3.BaseTest_TC001" time="183.592" errors="0" timestamp="11 Jun 2020 13:15:08 GMT">
  <testcase classname="Assignment3.BaseTest_TC001" name="TC_001" time="131.092"/>
  <testcase classname="Assignment3.BaseTest_TC001" name="TC_001" time="28.203"/>
  <testcase classname="Assignment3.BaseTest_TC001" name="TC_001" time="24.297"/>
</testsuite> <!-- Assignment3.BaseTest_TC001 -->
